18:49:09 **** Incremental Build of configuration Debug for project 002_Non_Preemptive_Event_Triggered ****
make -j12 all 
arm-none-eabi-gcc "../common/I2C_DS3231.c" -mcpu=cortex-m4 -std=gnu11 -g3 -DDEBUG -DUSE_HAL_DRIVER -DSTM32F401xE -c -I../Core/Inc -I../Drivers/STM32F4xx_HAL_Driver/Inc -I../Drivers/STM32F4xx_HAL_Driver/Inc/Legacy -I../Drivers/CMSIS/Device/ST/STM32F4xx/Include -I../Drivers/CMSIS/Include -I"D:/tkhtn_final/002_Non_Preemptive_Event_Triggered/common" -O0 -ffunction-sections -fdata-sections -Wall -fstack-usage -fcyclomatic-complexity -MMD -MP -MF"common/I2C_DS3231.d" -MT"common/I2C_DS3231.o" --specs=nano.specs -mfpu=fpv4-sp-d16 -mfloat-abi=hard -mthumb -o "common/I2C_DS3231.o"
arm-none-eabi-gcc "../common/LCD_I2C.c" -mcpu=cortex-m4 -std=gnu11 -g3 -DDEBUG -DUSE_HAL_DRIVER -DSTM32F401xE -c -I../Core/Inc -I../Drivers/STM32F4xx_HAL_Driver/Inc -I../Drivers/STM32F4xx_HAL_Driver/Inc/Legacy -I../Drivers/CMSIS/Device/ST/STM32F4xx/Include -I../Drivers/CMSIS/Include -I"D:/tkhtn_final/002_Non_Preemptive_Event_Triggered/common" -O0 -ffunction-sections -fdata-sections -Wall -fstack-usage -fcyclomatic-complexity -MMD -MP -MF"common/LCD_I2C.d" -MT"common/LCD_I2C.o" --specs=nano.specs -mfpu=fpv4-sp-d16 -mfloat-abi=hard -mthumb -o "common/LCD_I2C.o"
arm-none-eabi-gcc "../common/print_cli.c" -mcpu=cortex-m4 -std=gnu11 -g3 -DDEBUG -DUSE_HAL_DRIVER -DSTM32F401xE -c -I../Core/Inc -I../Drivers/STM32F4xx_HAL_Driver/Inc -I../Drivers/STM32F4xx_HAL_Driver/Inc/Legacy -I../Drivers/CMSIS/Device/ST/STM32F4xx/Include -I../Drivers/CMSIS/Include -I"D:/tkhtn_final/002_Non_Preemptive_Event_Triggered/common" -O0 -ffunction-sections -fdata-sections -Wall -fstack-usage -fcyclomatic-complexity -MMD -MP -MF"common/print_cli.d" -MT"common/print_cli.o" --specs=nano.specs -mfpu=fpv4-sp-d16 -mfloat-abi=hard -mthumb -o "common/print_cli.o"
arm-none-eabi-gcc "../common/queue.c" -mcpu=cortex-m4 -std=gnu11 -g3 -DDEBUG -DUSE_HAL_DRIVER -DSTM32F401xE -c -I../Core/Inc -I../Drivers/STM32F4xx_HAL_Driver/Inc -I../Drivers/STM32F4xx_HAL_Driver/Inc/Legacy -I../Drivers/CMSIS/Device/ST/STM32F4xx/Include -I../Drivers/CMSIS/Include -I"D:/tkhtn_final/002_Non_Preemptive_Event_Triggered/common" -O0 -ffunction-sections -fdata-sections -Wall -fstack-usage -fcyclomatic-complexity -MMD -MP -MF"common/queue.d" -MT"common/queue.o" --specs=nano.specs -mfpu=fpv4-sp-d16 -mfloat-abi=hard -mthumb -o "common/queue.o"
arm-none-eabi-gcc "../common/sht2x_for_stm32_hal.c" -mcpu=cortex-m4 -std=gnu11 -g3 -DDEBUG -DUSE_HAL_DRIVER -DSTM32F401xE -c -I../Core/Inc -I../Drivers/STM32F4xx_HAL_Driver/Inc -I../Drivers/STM32F4xx_HAL_Driver/Inc/Legacy -I../Drivers/CMSIS/Device/ST/STM32F4xx/Include -I../Drivers/CMSIS/Include -I"D:/tkhtn_final/002_Non_Preemptive_Event_Triggered/common" -O0 -ffunction-sections -fdata-sections -Wall -fstack-usage -fcyclomatic-complexity -MMD -MP -MF"common/sht2x_for_stm32_hal.d" -MT"common/sht2x_for_stm32_hal.o" --specs=nano.specs -mfpu=fpv4-sp-d16 -mfloat-abi=hard -mthumb -o "common/sht2x_for_stm32_hal.o"
arm-none-eabi-gcc "../Core/Src/main.c" -mcpu=cortex-m4 -std=gnu11 -g3 -DDEBUG -DUSE_HAL_DRIVER -DSTM32F401xE -c -I../Core/Inc -I../Drivers/STM32F4xx_HAL_Driver/Inc -I../Drivers/STM32F4xx_HAL_Driver/Inc/Legacy -I../Drivers/CMSIS/Device/ST/STM32F4xx/Include -I../Drivers/CMSIS/Include -I"D:/tkhtn_final/002_Non_Preemptive_Event_Triggered/common" -O0 -ffunction-sections -fdata-sections -Wall -fstack-usage -fcyclomatic-complexity -MMD -MP -MF"Core/Src/main.d" -MT"Core/Src/main.o" --specs=nano.specs -mfpu=fpv4-sp-d16 -mfloat-abi=hard -mthumb -o "Core/Src/main.o"
../common/queue.c:22:19: error: unknown type name 'TaskQueue'
   22 | bool enqueue_task(TaskQueue *queue, Task *task) {
      |                   ^~~~~~~~~
../common/queue.c:34:19: error: unknown type name 'TaskQueue'
   34 | bool dequeue_task(TaskQueue *queue, Task *task) {
      |                   ^~~~~~~~~
In file included from ../common/LCD_I2C.c:14:
../common/LCD_I2C.h:59:9: error: unknown type name 'I2C_HandleTypeDef'
   59 |         I2C_HandleTypeDef* I2C;
      |         ^~~~~~~~~~~~~~~~~
In file included from ../common/I2C_DS3231.c:22:
../common/I2C_DS3231.h:18:15: error: unknown type name 'I2C_HandleTypeDef'; did you mean 'DMA_HandleTypeDef'?
   18 | void rtc_init(I2C_HandleTypeDef *i2c);
      |               ^~~~~~~~~~~~~~~~~
      |               DMA_HandleTypeDef
../common/I2C_DS3231.c:27:9: error: unknown type name 'I2C_HandleTypeDef'
   27 |  static I2C_HandleTypeDef *ds_i2c; // bien static tuc la chi dung trong file nay
      |         ^~~~~~~~~~~~~~~~~
In file included from ../common/sht2x_for_stm32_hal.c:3:
../common/sht2x_for_stm32_hal.h:25:8: error: unknown type name 'I2C_HandleTypeDef'
   25 | extern I2C_HandleTypeDef *_sht2x_ui2c;
      |        ^~~~~~~~~~~~~~~~~
make: *** [common/subdir.mk:31: common/queue.o] Error 1
make: *** Waiting for unfinished jobs....
../common/print_cli.c:5:8: error: unknown type name 'UART_HandleTypeDef'
    5 | extern UART_HandleTypeDef huart1;
      |        ^~~~~~~~~~~~~~~~~~
../common/LCD_I2C.h:69:40: error: unknown type name 'I2C_HandleTypeDef'; did you mean 'DMA_HandleTypeDef'?
   69 | void CLCD_I2C_Init(CLCD_I2C_Name* LCD, I2C_HandleTypeDef* hi2c_CLCD, uint8_t Address, uint8_t Colums, uint8_t Rows);
      |                                        ^~~~~~~~~~~~~~~~~
      |                                        DMA_HandleTypeDef
../common/sht2x_for_stm32_hal.h:27:17: error: unknown type name 'I2C_HandleTypeDef'; did you mean 'DMA_HandleTypeDef'?
   27 | void SHT2x_Init(I2C_HandleTypeDef *hi2c);
      |                 ^~~~~~~~~~~~~~~~~
      |                 DMA_HandleTypeDef
../common/I2C_DS3231.c: In function 'rtc_write_time':
../common/I2C_DS3231.c:45:9: warning: implicit declaration of function 'HAL_I2C_Master_Transmit' [-Wimplicit-function-declaration]
   45 |         HAL_I2C_Master_Transmit(ds_i2c,RTC_ADDRESS,data,8,100);
      |         ^~~~~~~~~~~~~~~~~~~~~~~
../common/print_cli.c: In function 'print_cli':
../common/print_cli.c:16:9: warning: implicit declaration of function 'HAL_UART_Transmit' [-Wimplicit-function-declaration]
   16 |         HAL_UART_Transmit(&huart1,(uint8_t *)stringArray,len_str,200);
      |         ^~~~~~~~~~~~~~~~~
../common/sht2x_for_stm32_hal.c:9:1: error: unknown type name 'I2C_HandleTypeDef'; did you mean 'DMA_HandleTypeDef'?
    9 | I2C_HandleTypeDef *_sht2x_ui2c;
      | ^~~~~~~~~~~~~~~~~
      | DMA_HandleTypeDef
../common/LCD_I2C.c: In function 'CLCD_WriteI2C':
../common/LCD_I2C.c:49:9: warning: implicit declaration of function 'HAL_I2C_Master_Transmit' [-Wimplicit-function-declaration]
   49 |         HAL_I2C_Master_Transmit(LCD->I2C, LCD->ADDRESS, (uint8_t *)Data_I2C, sizeof(Data_I2C), 1000);
      |         ^~~~~~~~~~~~~~~~~~~~~~~
make: *** [common/subdir.mk:31: common/print_cli.o] Error 1
../common/I2C_DS3231.c: In function 'rtc_read_time':
../common/I2C_DS3231.c:52:9: warning: implicit declaration of function 'HAL_I2C_Master_Receive' [-Wimplicit-function-declaration]
   52 |         HAL_I2C_Master_Receive(ds_i2c,RTC_ADDRESS,data,7,100); // doc du lieu
      |         ^~~~~~~~~~~~~~~~~~~~~~
../common/sht2x_for_stm32_hal.c:15:17: error: unknown type name 'I2C_HandleTypeDef'; did you mean 'DMA_HandleTypeDef'?
   15 | void SHT2x_Init(I2C_HandleTypeDef *hi2c) {
      |                 ^~~~~~~~~~~~~~~~~
      |                 DMA_HandleTypeDef
../common/LCD_I2C.c: At top level:
../common/LCD_I2C.c:54:40: error: unknown type name 'I2C_HandleTypeDef'; did you mean 'DMA_HandleTypeDef'?
   54 | void CLCD_I2C_Init(CLCD_I2C_Name* LCD, I2C_HandleTypeDef* hi2c_CLCD, uint8_t Address, uint8_t Colums, uint8_t Rows)
      |                                        ^~~~~~~~~~~~~~~~~
      |                                        DMA_HandleTypeDef
../common/I2C_DS3231.c: At top level:
../common/I2C_DS3231.c:74:15: error: unknown type name 'I2C_HandleTypeDef'; did you mean 'DMA_HandleTypeDef'?
   74 | void rtc_init(I2C_HandleTypeDef *i2c){
      |               ^~~~~~~~~~~~~~~~~
      |               DMA_HandleTypeDef
In file included from ../Core/Src/main.c:27:
D:/tkhtn_final/002_Non_Preemptive_Event_Triggered/common/LCD_I2C.h:59:9: error: unknown type name 'I2C_HandleTypeDef'
   59 |         I2C_HandleTypeDef* I2C;
      |         ^~~~~~~~~~~~~~~~~
make: *** [common/subdir.mk:31: common/LCD_I2C.o] Error 1
make: *** [common/subdir.mk:31: common/I2C_DS3231.o] Error 1
D:/tkhtn_final/002_Non_Preemptive_Event_Triggered/common/LCD_I2C.h:69:40: error: unknown type name 'I2C_HandleTypeDef'; did you mean 'DMA_HandleTypeDef'?
   69 | void CLCD_I2C_Init(CLCD_I2C_Name* LCD, I2C_HandleTypeDef* hi2c_CLCD, uint8_t Address, uint8_t Colums, uint8_t Rows);
      |                                        ^~~~~~~~~~~~~~~~~
      |                                        DMA_HandleTypeDef
../common/sht2x_for_stm32_hal.c: In function 'SHT2x_SoftReset':
../common/sht2x_for_stm32_hal.c:24:9: warning: implicit declaration of function 'HAL_I2C_Master_Transmit' [-Wimplicit-function-declaration]
   24 |         HAL_I2C_Master_Transmit(_sht2x_ui2c, SHT2x_I2C_ADDR << 1, &cmd, 1, SHT2x_TIMEOUT);
      |         ^~~~~~~~~~~~~~~~~~~~~~~
In file included from ../Core/Src/main.c:28:
D:/tkhtn_final/002_Non_Preemptive_Event_Triggered/common/I2C_DS3231.h:18:15: error: unknown type name 'I2C_HandleTypeDef'; did you mean 'DMA_HandleTypeDef'?
   18 | void rtc_init(I2C_HandleTypeDef *i2c);
      |               ^~~~~~~~~~~~~~~~~
      |               DMA_HandleTypeDef
In file included from ../Core/Src/main.c:29:
D:/tkhtn_final/002_Non_Preemptive_Event_Triggered/common/sht2x_for_stm32_hal.h:25:8: error: unknown type name 'I2C_HandleTypeDef'
   25 | extern I2C_HandleTypeDef *_sht2x_ui2c;
      |        ^~~~~~~~~~~~~~~~~
D:/tkhtn_final/002_Non_Preemptive_Event_Triggered/common/sht2x_for_stm32_hal.h:27:17: error: unknown type name 'I2C_HandleTypeDef'; did you mean 'DMA_HandleTypeDef'?
   27 | void SHT2x_Init(I2C_HandleTypeDef *hi2c);
      |                 ^~~~~~~~~~~~~~~~~
      |                 DMA_HandleTypeDef
../common/sht2x_for_stm32_hal.c: In function 'SHT2x_ReadUserReg':
../common/sht2x_for_stm32_hal.c:35:9: warning: implicit declaration of function 'HAL_I2C_Master_Receive' [-Wimplicit-function-declaration]
   35 |         HAL_I2C_Master_Receive(_sht2x_ui2c, SHT2x_I2C_ADDR << 1, &val, 1, SHT2x_TIMEOUT);
      |         ^~~~~~~~~~~~~~~~~~~~~~
../Core/Src/main.c:54:1: error: unknown type name 'TaskQueue'
   54 | TaskQueue task_queue;
      | ^~~~~~~~~
make: *** [common/subdir.mk:31: common/sht2x_for_stm32_hal.o] Error 1
../Core/Src/main.c:81:36: error: unknown type name 'TIM_HandleTypeDef'; did you mean 'DMA_HandleTypeDef'?
   81 | void HAL_TIM_PeriodElapsedCallback(TIM_HandleTypeDef *htim){
      |                                    ^~~~~~~~~~~~~~~~~
      |                                    DMA_HandleTypeDef
../Core/Src/main.c:87:16: error: 'MAX_TASKS' undeclared here (not in a function)
   87 | Task task_list[MAX_TASKS] = {
      |                ^~~~~~~~~
../Core/Src/main.c: In function 'main':
../Core/Src/main.c:128:3: warning: implicit declaration of function 'CLCD_I2C_Init' [-Wimplicit-function-declaration]
  128 |   CLCD_I2C_Init(&LCD1,&hi2c2,0x4e,20,4);
      |   ^~~~~~~~~~~~~
../Core/Src/main.c:128:24: error: 'hi2c2' undeclared (first use in this function)
  128 |   CLCD_I2C_Init(&LCD1,&hi2c2,0x4e,20,4);
      |                        ^~~~~
../Core/Src/main.c:128:24: note: each undeclared identifier is reported only once for each function it appears in
../Core/Src/main.c:131:3: warning: implicit declaration of function 'SHT2x_Init'; did you mean 'SHT2x_Ipow'? [-Wimplicit-function-declaration]
  131 |   SHT2x_Init(&hi2c1);
      |   ^~~~~~~~~~
      |   SHT2x_Ipow
../Core/Src/main.c:131:15: error: 'hi2c1' undeclared (first use in this function)
  131 |   SHT2x_Init(&hi2c1);
      |               ^~~~~
../Core/Src/main.c:135:3: warning: implicit declaration of function 'rtc_init' [-Wimplicit-function-declaration]
  135 |   rtc_init(&hi2c3);
      |   ^~~~~~~~
../Core/Src/main.c:135:13: error: 'hi2c3' undeclared (first use in this function)
  135 |   rtc_init(&hi2c3);
      |             ^~~~~
../Core/Src/main.c:154:9: warning: implicit declaration of function 'init_task_queue'; did you mean 'init_queue'? [-Wimplicit-function-declaration]
  154 |         init_task_queue(&task_queue);
      |         ^~~~~~~~~~~~~~~
      |         init_queue
../Core/Src/main.c:170:36: warning: passing argument 1 of 'dequeue_task' from incompatible pointer type [-Wincompatible-pointer-types]
  170 |                   if (dequeue_task(&task_queue, &current_task)) {
      |                                    ^~~~~~~~~~~
      |                                    |
      |                                    int *
In file included from ../Core/Src/main.c:31:
D:/tkhtn_final/002_Non_Preemptive_Event_Triggered/common/queue.h:23:31: note: expected 'EventQueue *' but argument is of type 'int *'
   23 | bool dequeue_task(EventQueue *queue, Task *task);
      |                   ~~~~~~~~~~~~^~~~~
../Core/Src/main.c:159:10: warning: unused variable 'task4' [-Wunused-variable]
  159 |     Task task4 = {display_lcd, true};
      |          ^~~~~
../Core/Src/main.c:158:10: warning: unused variable 'task3' [-Wunused-variable]
  158 |     Task task3 = {send_uart, true};
      |          ^~~~~
../Core/Src/main.c:157:10: warning: unused variable 'task2' [-Wunused-variable]
  157 |     Task task2 = {read_time, true};
      |          ^~~~~
../Core/Src/main.c:156:10: warning: unused variable 'task1' [-Wunused-variable]
  156 |     Task task1 = {read_temp_and_hum, true};
      |          ^~~~~
make: *** [Core/Src/subdir.mk:34: Core/Src/main.o] Error 1
"make -j12 all" terminated with exit code 2. Build might be incomplete.

18:49:09 Build Failed. 31 errors, 15 warnings. (took 472ms)

